<?xml version="1.0" encoding="UTF-8"?>
<testng-results skipped="0" failed="0" ignored="0" total="1" passed="1">
  <reporter-output>
  </reporter-output>
  <suite name="Suite" duration-ms="102" started-at="2019-04-12T22:47:09Z" finished-at="2019-04-12T22:47:09Z">
    <groups>
    </groups>
    <test name="Test" duration-ms="102" started-at="2019-04-12T22:47:09Z" finished-at="2019-04-12T22:47:09Z">
      <class name="APITesting.Jira.API.FetchKey">
        <test-method status="PASS" signature="getData()[pri:0, instance:APITesting.Jira.API.FetchKey@d8355a8]" name="getData" is-config="true" duration-ms="20" started-at="2019-04-13T04:17:09Z" finished-at="2019-04-13T04:17:09Z">
          <reporter-output>
          </reporter-output>
        </test-method> <!-- getData -->
        <test-method status="PASS" signature="getKey()[pri:0, instance:APITesting.Jira.API.FetchKey@d8355a8]" name="getKey" duration-ms="12" started-at="2019-04-13T04:17:09Z" finished-at="2019-04-13T04:17:09Z">
          <reporter-output>
          </reporter-output>
        </test-method> <!-- getKey -->
      </class> <!-- APITesting.Jira.API.FetchKey -->
    </test> <!-- Test -->
  </suite> <!-- Suite -->
</testng-results>
